1635617214660	geckodriver	INFO	Listening on 127.0.0.1:51608
1635617217722	mozrunner::runner	INFO	Running command: "C:\\Program Files\\Mozilla Firefox\\firefox.exe" "--marionette" "-foreground" "-no-remote" "-profile" "C:\\Users\\kohls\\AppData\\Local\\Temp\\rust_mozprofile6JEMLO"
1635617218521	Marionette	INFO	Marionette enabled
console.warn: SearchSettings: "get: No settings file exists, new profile?" (new NotFoundError("Could not open the file at C:\\Users\\kohls\\AppData\\Local\\Temp\\rust_mozprofile6JEMLO\\search.json.mozlz4", (void 0)))
1635617221888	Marionette	INFO	Listening on port 51616
1635617221944	RemoteAgent	WARN	TLS certificate errors will be ignored for this session
1635617243083	Marionette	INFO	Stopped listening on port 51616
JavaScript error: resource:///modules/Interactions.jsm, line 209: NS_ERROR_FAILURE: Component returned failure code: 0x80004005 (NS_ERROR_FAILURE) [nsIUserIdleService.removeIdleObserver]
JavaScript error: chrome://remote/content/marionette/cert.js, line 55: NS_ERROR_NOT_AVAILABLE: Component returned failure code: 0x80040111 (NS_ERROR_NOT_AVAILABLE) [nsICertOverrideService.setDisableAllSecurityChecksAndLetAttackersInterceptMyData]

###!!! [Parent][RunMessage] Error: Channel closing: too late to send/recv, messages will be lost

1635617299184	geckodriver	INFO	Listening on 127.0.0.1:62466
1635617302231	mozrunner::runner	INFO	Running command: "C:\\Program Files\\Mozilla Firefox\\firefox.exe" "--marionette" "-foreground" "-no-remote" "-profile" "C:\\Users\\kohls\\AppData\\Local\\Temp\\rust_mozprofile38MQQQ"
1635617302689	Marionette	INFO	Marionette enabled
console.warn: SearchSettings: "get: No settings file exists, new profile?" (new NotFoundError("Could not open the file at C:\\Users\\kohls\\AppData\\Local\\Temp\\rust_mozprofile38MQQQ\\search.json.mozlz4", (void 0)))
1635617305558	Marionette	INFO	Listening on port 62475
1635617305923	RemoteAgent	WARN	TLS certificate errors will be ignored for this session
console.warn: LoginRecipes: "getRecipes: falling back to a synchronous message for:" "http://localhost:3000"
1635617761265	Marionette	INFO	Stopped listening on port 62475
JavaScript error: resource:///modules/Interactions.jsm, line 209: NS_ERROR_FAILURE: Component returned failure code: 0x80004005 (NS_ERROR_FAILURE) [nsIUserIdleService.removeIdleObserver]

###!!! [Parent][RunMessage] Error: Channel closing: too late to send/recv, messages will be lost

\kohls\\AppData\\Local\\Temp\\rust_mozprofile4sqhh7\\search.json.mozlz4", (void 0)))
1635617409702	Marionette	INFO	Listening on port 52842
1635617409889	RemoteAgent	WARN	TLS certificate errors will be ignored for this session
1635617424568	Marionette	INFO	Stopped listening on port 52842
JavaScript error: resource:///modules/Interactions.jsm, line 209: NS_ERROR_FAILURE: Component returned failure code: 0x80004005 (NS_ERROR_FAILURE) [nsIUserIdleService.removeIdleObserver]

###!!! [Parent][RunMessage] Error: Channel closing: too late to send/recv, messages will be lost

1635617493408	geckodriver	INFO	Listening on 127.0.0.1:54182
1635617496454	mozrunner::runner	INFO	Running command: "C:\\Program Files\\Mozilla Firefox\\firefox.exe" "--marionette" "-foreground" "-no-remote" "-profile" "C:\\Users\\kohls\\AppData\\Local\\Temp\\rust_mozprofileYnBeRE"
1635617496818	Marionette	INFO	Marionette enabled
console.warn: SearchSettings: "get: No settings file exists, new profile?" (new NotFoundError("Could not open the file at C:\\Users\\kohls\\AppData\\Local\\Temp\\rust_mozprofileYnBeRE\\search.json.mozlz4", (void 0)))
1635617499494	Marionette	INFO	Listening on port 54190
1635617499633	RemoteAgent	WARN	TLS certificate errors will be ignored for this session
console.warn: LoginRecipes: "getRecipes: falling back to a synchronous message for:" "http://localhost:3000"
console.warn: LoginRecipes: "getRecipes: falling back to a synchronous message for:" "http://localhost:3000"
console.warn: LoginRecipes: "getRecipes: falling back to a synchronous message for:" "http://localhost:3000"
console.warn: LoginRecipes: "getRecipes: falling back to a synchronous message for:" "http://localhost:3000"
console.warn: LoginRecipes: "getRecipes: falling back to a synchronous message for:" "http://localhost:3000"
console.log: WebExtensions: reset-default-search: starting.
console.log: WebExtensions: reset-default-search: No addons in our list are installed.
1635618140788	Marionette	INFO	Stopped listening on port 54190
JavaScript error: resource:///modules/Interactions.jsm, line 209: NS_ERROR_FAILURE: Component returned failure code: 0x80004005 (NS_ERROR_FAILURE) [nsIUserIdleService.removeIdleObserver]

###!!! [Child][RunMessage] Error: Channel closing: too late to send/recv, messages will be lost


###!!! [Parent][RunMessage] Error: Channel closing: too late to send/recv, messages will be lost

:\\Users\\kohls\\AppData\\Local\\Temp\\rust_mozprofilePtJ57g\\search.json.mozlz4", (void 0)))
1635618052852	Marionette	INFO	Listening on port 51146
1635618053084	RemoteAgent	WARN	TLS certificate errors will be ignored for this session
console.warn: LoginRecipes: "getRecipes: falling back to a synchronous message for:" "http://localhost:3000"
console.warn: LoginRecipes: "getRecipes: falling back to a synchronous message for:" "http://localhost:3000"
console.warn: LoginRecipes: "getRecipes: falling back to a synchronous message for:" "http://localhost:3000"
console.warn: LoginRecipes: "getRecipes: falling back to a synchronous message for:" "http://localhost:3000"
1635618268471	Marionette	INFO	Stopped listening on port 51146
JavaScript error: resource:///modules/Interactions.jsm, line 209: NS_ERROR_FAILURE: Component returned failure code: 0x80004005 (NS_ERROR_FAILURE) [nsIUserIdleService.removeIdleObserver]
\Temp\\rust_mozprofileudpcMg"
1635618220120	Marionette	INFO	Marionette enabled
console.warn: SearchSettings: "get: No settings file exists, new profile?" (new NotFoundError("Could not open the file at C:\\Users\\kohls\\AppData\\Local\\Temp\\rust_mozprofileudpcMg\\search.json.mozlz4", (void 0)))
1635618222743	Marionette	INFO	Listening on port 56120
1635618222937	RemoteAgent	WARN	TLS certificate errors will be ignored for this session
1635618269282	Marionette	INFO	Stopped listening on port 56121635618269730	mozrunner::runner	INFO	Running command: "C:\\Program Files\\Mozilla Firefox\\firefox.exe" "--marionette" "-foreground" "-no-remote" "-profile" "C:\\Users\\kohls\\AppData\\Local\
###!!! [Parent][RunMessage] 1635618270286	Marionette	INFO	Marionette enabled
console.warn: SearchSettings: "get: No settings file exists, new profile?" (new NotFoundError("Could not open the file at C:\\Users\\kohls\\AppData\\Local\\Temp\\rust_mozprofileBHnO2Y\\search.json.mozlz4", (void 0)))
1635618273323	Marionette	INFO	Listening on port 56221
1635618273426	RemoteAgent	WARN	TLS certificate errors will be ignored for this session
1635618356838	Marionette	INFO	Stopped listening on port 56221
JavaScript error: resource:///modules/Interactions.jsm, line 209: NS_ERROR_FAILURE: Component returned failure code: 0x80004005 (NS_ERROR_FAILURE) [nsIUserIdleService.removeIdleObserver]

###!!! [Parent][RunMessage] Error: Channel closing: too late to send/recv, messages will be lost

ttings: "get: No settings file exists, new profile?" (new NotFoundError("Could not open the file at C:\\Users\\kohls\\AppData\\Local\\Temp\\rust_mozprofile6fkQSK\\search.json.mozlz4", (void 0)))
1635618305822	Marionette	INFO	Listening on port 64171
1635618306042	RemoteAgent	WARN	TLS certificate errors will be ignored for this session
1635618324179	Marionette	INFO	Stopped listening on port 64171
JavaScript error: resource:///modules/Interactions.jsm, line 209: NS_ERROR_FAILURE: Component returned failure code: 0x80004005 (NS_ERROR_FAILURE) [nsIUserIdleService.removeIdleObserver]

###!!! [Parent][RunMessage] Error: Channel closing: too late to send/recv, messages will be lost

1635618354739	geckodriver	INFO	Listening on 127.0.0.1:58408
1635618357767	mozrunner::runner	INFO	Running command: "C:\\Program Files\\Mozilla Firefox\\firefox.exe" "--marionette" "-foreground" "-no-remote" "-profile" "C:\\Users\\kohls\\AppData\\Local\\Temp\\rust_mozprofileMtnaOW"
1635618358239	Marionette	INFO	Marionette enabled
console.warn: SearchSettings: "get: No settings file exists, new profile?" (new NotFoundError("Could not open the file at C:\\Users\\kohls\\AppData\\Local\\Temp\\rust_mozprofileMtnaOW\\search.json.mozlz4", (void 0)))
1635618361091	Marionette	INFO	Listening on port 58417
1635618361457	RemoteAgent	WARN	TLS certificate errors will be ignored for this session
1635618474459	Marionette	INFO	Stopped listening on port 58417
JavaScript error: resource:///modules/Interactions.jsm, line 209: NS_ERROR_FAILURE: Component returned failure code: 0x80004005 (NS_ERROR_FAILURE) [nsIUserIdleService.removeIdleObserver]

###!!! [Parent][RunMessage] Error: Channel closing: too late to send/recv, messages will be lost

ttings: "get: No settings file exists, new profile?" (new NotFoundError("Could not open the file at C:\\Users\\kohls\\AppData\\Local\\Temp\\rust_mozprofileezkQMj\\search.json.mozlz4", (void 0)))
1635618439480	Marionette	INFO	Listening on port 54011
1635618439994	RemoteAgent	WARN	TLS certificate errors will be ignored for this session
1635618475131	Marionette	INFO	Stopped listening on port 54011
JavaScript error: resource:///modules/Interactions.jsm, line 209: NS_ERROR_FAILURE: Component returned failure code: 0x80004005 (NS_ERROR_FAILURE) [nsIUserIdleService.removeIdleObserver]

###!!! [Child][RunMessage] Error: Channel closing: too late to send/recv, messages will be lost


###!!! [Parent][RunMessage] Error: Channel closing: too late to send/recv, messages will be lost

1635618477769	geckodriver	INFO	Listening on 127.0.0.1:58722
1635618480790	mozrunner::runner	INFO	Running command: "C:\\Program Files\\Mozilla Firefox\\firefox.exe" "--marionette" "-foreground" "-no-remote" "-profile" "C:\\Users\\kohls\\AppData\\Local\\Temp\\rust_mozprofilejErHVK"
1635618481252	Marionette	INFO	Marionette enabled
console.warn: SearchSettings: "get: No settings file exists, new profile?" (new NotFoundError("Could not open the file at C:\\Users\\kohls\\AppData\\Local\\Temp\\rust_mozprofilejErHVK\\search.json.mozlz4", (void 0)))
1635618484169	Marionette	INFO	Listening on port 58731
1635618484487	RemoteAgent	WARN	TLS certificate errors will be ignored for this session
1635618968649	Marionette	INFO	Stopped listening on port 58731
JavaScript error: resource:///modules/Interactions.jsm, line 209: NS_ERROR_FAILURE: Component returned failure code: 0x80004005 (NS_ERROR_FAILURE) [nsIUserIdleService.removeIdleObserver]

###!!! [Parent][RunMessage] Error: Channel closing: too late to send/recv, messages will be lost

ttings: "get: No settings file exists, new profile?" (new NotFoundError("Could not open the file at C:\\Users\\kohls\\AppData\\Local\\Temp\\rust_mozprofilecL3SQw\\search.json.mozlz4", (void 0)))
1635618722310	Marionette	INFO	Listening on port 60061
1635618722485	RemoteAgent	WARN	TLS certificate errors will be ignored for this session
console.warn: LoginRecipes: "getRecipes: falling back to a synchronous message for:" "http://localhost:3000"
console.warn: LoginRecipes: "getRecipes: falling back to a synchronous message for:" "http://localhost:3000"
1635618969354	Marionette	INFO	Stopped listening on port 60061
JavaScript error: resource:///modules/Interactions.jsm, line 209: NS_ERROR_FAILURE: Component returned failure code: 0x80004005 (NS_ERROR_FAILURE) [nsIUserIdleService.removeIdleObserver]

###!!! [Parent][RunMessage] Error: Channel closing: too late to send/recv, messages will be lost

1635618974291	geckodriver	INFO	Listening on 127.0.0.1:59641
1635618977339	mozrunner::runner	INFO	Running command: "C:\\Program Files\\Mozilla Firefox\\firefox.exe" "--marionette" "-foreground" "-no-remote" "-profile" "C:\\Users\\kohls\\AppData\\Local\\Temp\\rust_mozprofileeSiaTQ"
1635618977848	Marionette	INFO	Marionette enabled
console.warn: SearchSettings: "get: No settings file exists, new profile?" (new NotFoundError("Could not open the file at C:\\Users\\kohls\\AppData\\Local\\Temp\\rust_mozprofileeSiaTQ\\search.json.mozlz4", (void 0)))
1635618980798	Marionette	INFO	Listening on port 61189
1635618981039	RemoteAgent	WARN	TLS certificate errors will be ignored for this session
1635619019307	Marionette	INFO	Stopped listening on port 61189
JavaScript error: resource:///modules/Interactions.jsm, line 209: NS_ERROR_FAILURE: Component returned failure code: 0x80004005 (NS_ERROR_FAILURE) [nsIUserIdleService.removeIdleObserver]
JavaScript error: chrome://remote/content/marionette/cert.js, line 55: NS_ERROR_NOT_AVAILABLE: Component returned failure code: 0x80040111 (NS_ERROR_NOT_AVAILABLE) [nsICertOverrideService.setDisableAllSecurityChecksAndLetAttackersInterceptMyData]

###!!! [Parent][RunMessage] Error: Channel closing: too late to send/recv, messages will be lost

1635619525513	geckodriver	INFO	Listening on 127.0.0.1:56704
1635619528548	mozrunner::runner	INFO	Running command: "C:\\Program Files\\Mozilla Firefox\\firefox.exe" "--marionette" "-foreground" "-no-remote" "-profile" "C:\\Users\\kohls\\AppData\\Local\\Temp\\rust_mozprofile0jsiFa"
1635619528997	Marionette	INFO	Marionette enabled
console.warn: SearchSettings: "get: No settings file exists, new profile?" (new NotFoundError("Could not open the file at C:\\Users\\kohls\\AppData\\Local\\Temp\\rust_mozprofile0jsiFa\\search.json.mozlz4", (void 0)))
1635619531430	Marionette	INFO	Listening on port 58144
1635619531756	RemoteAgent	WARN	TLS certificate errors will be ignored for this session
1635619959094	Marionette	INFO	Stopped listening on port 58144
JavaScript error: resource:///modules/Interactions.jsm, line 209: NS_ERROR_FAILURE: Component returned failure code: 0x80004005 (NS_ERROR_FAILURE) [nsIUserIdleService.removeIdleObserver]
1635620274261	geckodriver	INFO	Listening on 127.0.0.1:53551
1635620342825	geckodriver	INFO	Listening on 127.0.0.1:57283
1635620498733	geckodriver	INFO	Listening on 127.0.0.1:50340
1635620501780	mozrunner::runner	INFO	Running command: "C:\\Program Files\\Mozilla Firefox\\firefox.exe" "--marionette" "-foreground" "-no-remote" "-profile" "C:\\Users\\kohls\\AppData\\Local\\Temp\\rust_mozprofiled1H7T5"
1635620502276	Marionette	INFO	Marionette enabled
console.warn: SearchSettings: "get: No settings file exists, new profile?" (new NotFoundError("Could not open the file at C:\\Users\\kohls\\AppData\\Local\\Temp\\rust_mozprofiled1H7T5\\search.json.mozlz4", (void 0)))
1635620505398	Marionette	INFO	Listening on port 50841
1635620505491	RemoteAgent	WARN	TLS certificate errors will be ignored for this session
console.log: WebExtensions: reset-default-search: starting.
console.log: WebExtensions: reset-default-search: No addons in our list are installed.
JavaScript error: , line 0: NS_ERROR_NOT_AVAILABLE
1635622006110	Marionette	INFO	Stopped listening on port 50841
JavaScript error: resource:///modules/Interactions.jsm, line 209: NS_ERROR_FAILURE: Component returned failure code: 0x80004005 (NS_ERROR_FAILURE) [nsIUserIdleService.removeIdleObserver]
[Parent 4408, IPC I/O Parent] WARNING: file /builds/worker/checkouts/gecko/ipc/chromium/src/base/process_util_win.cc:167
tings file exists, new profile?" (new NotFoundError("Could not open the file at C:\\Users\\kohls\\AppData\\Local\\Temp\\rust_mozprofile8Puokr\\search.json.mozlz4", (void 0)))
1635621494572	Marionette	INFO	Listening on port 56506
1635621494831	RemoteAgent	WARN	TLS certificate errors will be ignored for this session
1635621992019	Marionette	INFO	Stopped listening on port 56506
JavaScript error: resource:///modules/Interactions.jsm, line 209: NS_ERROR_FAILURE: Component returned failure code: 0x80004005 (NS_ERROR_FAILURE) [nsIUserIdleService.removeIdleObserver]

###!!! [Parent][RunMessage] Error: Channel closing: too late to send/recv, messages will be lost

ttings: "get: No settings file exists, new profile?" (new NotFoundError("Could not open the file at C:\\Users\\kohls\\AppData\\Local\\Temp\\rust_mozprofileky5A4i\\search.json.mozlz4", (void 0)))
1635621961391	Marionette	INFO	Listening on port 60649
1635621961692	RemoteAgent	WARN	TLS certificate errors will be ignored for this session
1635621993676	Marionette	INFO	Stopped listening on port 60649
JavaScript error: resource:///modules/Interactions.jsm, line 209: NS_ERROR_FAILURE: Component returned failure code: 0x80004005 (NS_ERROR_FAILURE) [nsIUserIdleService.removeIdleObserver]

###!!! [Parent][RunMessage] Error: Channel closing: too late to send/recv, messages will be lost

1635622062006	geckodriver	INFO	Listening on 127.0.0.1:51115
1635622065062	mozrunner::runner	INFO	Running command: "C:\\Program Files\\Mozilla Firefox\\firefox.exe" "--marionette" "-foreground" "-no-remote" "-profile" "C:\\Users\\kohls\\AppData\\Local\\Temp\\rust_mozprofile45EtiM"
1635622065582	Marionette	INFO	Marionette enabled
console.warn: SearchSettings: "get: No settings file exists, new profile?" (new NotFoundError("Could not open the file at C:\\Users\\kohls\\AppData\\Local\\Temp\\rust_mozprofile45EtiM\\search.json.mozlz4", (void 0)))
1635622068641	Marionette	INFO	Listening on port 61883
1635622068773	RemoteAgent	WARN	TLS certificate errors will be ignored for this session
1635622148241	Marionette	INFO	Stopped listening on port 61883
JavaScript error: resource:///modules/Interactions.jsm, line 209: NS_ERROR_FAILURE: Component returned failure code: 0x80004005 (NS_ERROR_FAILURE) [nsIUserIdleService.removeIdleObserver]

###!!! [Parent][RunMessage] Error: Channel closing: too late to send/recv, messages will be lost

1635624404930	geckodriver	INFO	Listening on 127.0.0.1:53777
1635624407958	mozrunner::runner	INFO	Running command: "C:\\Program Files\\Mozilla Firefox\\firefox.exe" "--marionette" "-foreground" "-no-remote" "-profile" "C:\\Users\\kohls\\AppData\\Local\\Temp\\rust_mozprofileQj0hw0"
1635624408660	Marionette	INFO	Marionette enabled
console.warn: SearchSettings: "get: No settings file exists, new profile?" (new NotFoundError("Could not open the file at C:\\Users\\kohls\\AppData\\Local\\Temp\\rust_mozprofileQj0hw0\\search.json.mozlz4", (void 0)))
1635624412272	Marionette	INFO	Listening on port 57431
1635624412795	RemoteAgent	WARN	TLS certificate errors will be ignored for this session
1635624620160	Marionette	INFO	Stopped listening on port 57431
JavaScript error: resource:///modules/Interactions.jsm, line 209: NS_ERROR_FAILURE: Component returned failure code: 0x80004005 (NS_ERROR_FAILURE) [nsIUserIdleService.removeIdleObserver]

###!!! [Parent][RunMessage] Error: Channel closing: too late to send/recv, messages will be lost

1635624944269	geckodriver	INFO	Listening on 127.0.0.1:53846
1635624947352	mozrunner::runner	INFO	Running command: "C:\\Program Files\\Mozilla Firefox\\firefox.exe" "--marionette" "-foreground" "-no-remote" "-profile" "C:\\Users\\kohls\\AppData\\Local\\Temp\\rust_mozprofile8hUmOF"
1635624948000	Marionette	INFO	Marionette enabled
console.warn: SearchSettings: "get: No settings file exists, new profile?" (new NotFoundError("Could not open the file at C:\\Users\\kohls\\AppData\\Local\\Temp\\rust_mozprofile8hUmOF\\search.json.mozlz4", (void 0)))
1635624951356	Marionette	INFO	Listening on port 53856
1635624951591	RemoteAgent	WARN	TLS certificate errors will be ignored for this session
1635625276000	Marionette	INFO	Stopped listening on port 53856
JavaScript error: resource:///modules/Interactions.jsm, line 209: NS_ERROR_FAILURE: Component returned failure code: 0x80004005 (NS_ERROR_FAILURE) [nsIUserIdleService.removeIdleObserver]

###!!! [Parent][RunMessage] Error: Channel closing: too late to send/recv, messages will be lost

1635625319428	geckodriver	INFO	Listening on 127.0.0.1:64163
1635625322498	mozrunner::runner	INFO	Running command: "C:\\Program Files\\Mozilla Firefox\\firefox.exe" "--marionette" "-foreground" "-no-remote" "-profile" "C:\\Users\\kohls\\AppData\\Local\\Temp\\rust_mozprofileoTueYZ"
1635625323144	Marionette	INFO	Marionette enabled
console.warn: SearchSettings: "get: No settings file exists, new profile?" (new NotFoundError("Could not open the file at C:\\Users\\kohls\\AppData\\Local\\Temp\\rust_mozprofileoTueYZ\\search.json.mozlz4", (void 0)))
1635625326847	Marionette	INFO	Listening on port 64173
1635625327321	RemoteAgent	WARN	TLS certificate errors will be ignored for this session
1635625405808	Marionette	INFO	Stopped listening on port 64173
JavaScript error: resource:///modules/Interactions.jsm, line 209: NS_ERROR_FAILURE: Component returned failure code: 0x80004005 (NS_ERROR_FAILURE) [nsIUserIdleService.removeIdleObserver]

###!!! [Child][RunMessage] Error: Channel closing: too late to send/recv, messages will be lost


###!!! [Parent][RunMessage] Error: Channel closing: too late to send/recv, messages will be lost

1635625493568	geckodriver	INFO	Listening on 127.0.0.1:63243
1635625496596	mozrunner::runner	INFO	Running command: "C:\\Program Files\\Mozilla Firefox\\firefox.exe" "--marionette" "-foreground" "-no-remote" "-profile" "C:\\Users\\kohls\\AppData\\Local\\Temp\\rust_mozprofileARdfE0"
1635625497179	Marionette	INFO	Marionette enabled
console.warn: SearchSettings: "get: No settings file exists, new profile?" (new NotFoundError("Could not open the file at C:\\Users\\kohls\\AppData\\Local\\Temp\\rust_mozprofileARdfE0\\search.json.mozlz4", (void 0)))
1635625500503	Marionette	INFO	Listening on port 63254
1635625500813	RemoteAgent	WARN	TLS certificate errors will be ignored for this session
1635625545353	Marionette	INFO	Stopped listening on port 63254
JavaScript error: resource:///modules/Interactions.jsm, line 209: NS_ERROR_FAILURE: Component returned failure code: 0x80004005 (NS_ERROR_FAILURE) [nsIUserIdleService.removeIdleObserver]

###!!! [Parent][RunMessage] Error: Channel closing: too late to send/recv, messages will be lost

1635625944091	geckodriver	INFO	Listening on 127.0.0.1:63320
1635625947166	mozrunner::runner	INFO	Running command: "C:\\Program Files\\Mozilla Firefox\\firefox.exe" "--marionette" "-foreground" "-no-remote" "-profile" "C:\\Users\\kohls\\AppData\\Local\\Temp\\rust_mozprofilexmSqml"
1635625947734	Marionette	INFO	Marionette enabled
console.warn: SearchSettings: "get: No settings file exists, new profile?" (new NotFoundError("Could not open the file at C:\\Users\\kohls\\AppData\\Local\\Temp\\rust_mozprofilexmSqml\\search.json.mozlz4", (void 0)))
1635625951093	Marionette	INFO	Listening on port 63329
1635625951396	RemoteAgent	WARN	TLS certificate errors will be ignored for this session
1635626013142	Marionette	INFO	Stopped listening on port 63329
JavaScript error: resource:///modules/Interactions.jsm, line 209: NS_ERROR_FAILURE: Component returned failure code: 0x80004005 (NS_ERROR_FAILURE) [nsIUserIdleService.removeIdleObserver]

###!!! [Parent][RunMessage] Error: Channel closing: too late to send/recv, messages will be lost

1635626020742	geckodriver	INFO	Listening on 127.0.0.1:57913
1635626023812	mozrunner::runner	INFO	Running command: "C:\\Program Files\\Mozilla Firefox\\firefox.exe" "--marionette" "-foreground" "-no-remote" "-profile" "C:\\Users\\kohls\\AppData\\Local\\Temp\\rust_mozprofileLiDEb5"
1635626024359	Marionette	INFO	Marionette enabled
console.warn: SearchSettings: "get: No settings file exists, new profile?" (new NotFoundError("Could not open the file at C:\\Users\\kohls\\AppData\\Local\\Temp\\rust_mozprofileLiDEb5\\search.json.mozlz4", (void 0)))
1635626027398	Marionette	INFO	Listening on port 57923
1635626027521	RemoteAgent	WARN	TLS certificate errors will be ignored for this session
1635626096834	Marionette	INFO	Stopped listening on port 57923
JavaScript error: resource:///modules/Interactions.jsm, line 209: NS_ERROR_FAILURE: Component returned failure code: 0x80004005 (NS_ERROR_FAILURE) [nsIUserIdleService.removeIdleObserver]

###!!! [Parent][RunMessage] Error: Channel closing: too late to send/recv, messages will be lost

1635626482583	geckodriver	INFO	Listening on 127.0.0.1:62423
1635626485660	mozrunner::runner	INFO	Running command: "C:\\Program Files\\Mozilla Firefox\\firefox.exe" "--marionette" "-foreground" "-no-remote" "-profile" "C:\\Users\\kohls\\AppData\\Local\\Temp\\rust_mozprofileUi8vj6"
1635626486226	Marionette	INFO	Marionette enabled
console.warn: SearchSettings: "get: No settings file exists, new profile?" (new NotFoundError("Could not open the file at C:\\Users\\kohls\\AppData\\Local\\Temp\\rust_mozprofileUi8vj6\\search.json.mozlz4", (void 0)))
1635626489496	Marionette	INFO	Listening on port 62433
1635626489875	RemoteAgent	WARN	TLS certificate errors will be ignored for this session
1635626606672	Marionette	INFO	Stopped listening on port 62433
JavaScript error: resource:///modules/Interactions.jsm, line 209: NS_ERROR_FAILURE: Component returned failure code: 0x80004005 (NS_ERROR_FAILURE) [nsIUserIdleService.removeIdleObserver]

###!!! [Parent][RunMessage] Error: Channel closing: too late to send/recv, messages will be lost

1635626712152	geckodriver	INFO	Listening on 127.0.0.1:61098
1635626715207	mozrunner::runner	INFO	Running command: "C:\\Program Files\\Mozilla Firefox\\firefox.exe" "--marionette" "-foreground" "-no-remote" "-profile" "C:\\Users\\kohls\\AppData\\Local\\Temp\\rust_mozprofilezTh9aN"
1635626715739	Marionette	INFO	Marionette enabled
console.warn: SearchSettings: "get: No settings file exists, new profile?" (new NotFoundError("Could not open the file at C:\\Users\\kohls\\AppData\\Local\\Temp\\rust_mozprofilezTh9aN\\search.json.mozlz4", (void 0)))
1635626718847	Marionette	INFO	Listening on port 61107
1635626718907	RemoteAgent	WARN	TLS certificate errors will be ignored for this session
1635626755530	Marionette	INFO	Stopped listening on port 61107
JavaScript error: resource:///modules/Interactions.jsm, line 209: NS_ERROR_FAILURE: Component returned failure code: 0x80004005 (NS_ERROR_FAILURE) [nsIUserIdleService.removeIdleObserver]

###!!! [Parent][RunMessage] Error: Channel closing: too late to send/recv, messages will be lost

1635626773460	geckodriver	INFO	Listening on 127.0.0.1:52874
1635626776508	mozrunner::runner	INFO	Running command: "C:\\Program Files\\Mozilla Firefox\\firefox.exe" "--marionette" "-foreground" "-no-remote" "-profile" "C:\\Users\\kohls\\AppData\\Local\\Temp\\rust_mozprofilefO0xr1"
1635626777023	Marionette	INFO	Marionette enabled
console.warn: SearchSettings: "get: No settings file exists, new profile?" (new NotFoundError("Could not open the file at C:\\Users\\kohls\\AppData\\Local\\Temp\\rust_mozprofilefO0xr1\\search.json.mozlz4", (void 0)))
1635626780182	Marionette	INFO	Listening on port 52884
1635626780217	RemoteAgent	WARN	TLS certificate errors will be ignored for this session
1635626835810	Marionette	INFO	Stopped listening on port 52884
JavaScript error: resource:///modules/Interactions.jsm, line 209: NS_ERROR_FAILURE: Component returned failure code: 0x80004005 (NS_ERROR_FAILURE) [nsIUserIdleService.removeIdleObserver]

###!!! [Parent][RunMessage] Error: Channel closing: too late to send/recv, messages will be lost

1635626858990	geckodriver	INFO	Listening on 127.0.0.1:62886
1635626862042	mozrunner::runner	INFO	Running command: "C:\\Program Files\\Mozilla Firefox\\firefox.exe" "--marionette" "-foreground" "-no-remote" "-profile" "C:\\Users\\kohls\\AppData\\Local\\Temp\\rust_mozprofileccPxoH"
1635626862622	Marionette	INFO	Marionette enabled
console.warn: SearchSettings: "get: No settings file exists, new profile?" (new NotFoundError("Could not open the file at C:\\Users\\kohls\\AppData\\Local\\Temp\\rust_mozprofileccPxoH\\search.json.mozlz4", (void 0)))
1635626865504	Marionette	INFO	Listening on port 62895
1635626865745	RemoteAgent	WARN	TLS certificate errors will be ignored for this session
1635626904234	Marionette	INFO	Stopped listening on port 62895
JavaScript error: resource:///modules/Interactions.jsm, line 209: NS_ERROR_FAILURE: Component returned failure code: 0x80004005 (NS_ERROR_FAILURE) [nsIUserIdleService.removeIdleObserver]
1635626966067	geckodriver	INFO	Listening on 127.0.0.1:51458
1635626969091	mozrunner::runner	INFO	Running command: "C:\\Program Files\\Mozilla Firefox\\firefox.exe" "--marionette" "-foreground" "-no-remote" "-profile" "C:\\Users\\kohls\\AppData\\Local\\Temp\\rust_mozprofile8kQXGA"
1635626969812	Marionette	INFO	Marionette enabled
console.warn: SearchSettings: "get: No settings file exists, new profile?" (new NotFoundError("Could not open the file at C:\\Users\\kohls\\AppData\\Local\\Temp\\rust_mozprofile8kQXGA\\search.json.mozlz4", (void 0)))
1635626973251	Marionette	INFO	Listening on port 51467
1635626973315	RemoteAgent	WARN	TLS certificate errors will be ignored for this session
console.warn: LoginRecipes: "getRecipes: falling back to a synchronous message for:" "http://localhost:3000"
console.warn: LoginRecipes: "getRecipes: falling back to a synchronous message for:" "http://localhost:3000"
1635627239138	Marionette	INFO	Stopped listening on port 51467
JavaScript error: resource:///modules/Interactions.jsm, line 209: NS_ERROR_FAILURE: Component returned failure code: 0x80004005 (NS_ERROR_FAILURE) [nsIUserIdleService.removeIdleObserver]

###!!! [Parent][RunMessage] Error: Channel closing: too late to send/recv, messages will be lost

ttings: "get: No settings file exists, new profile?" (new NotFoundError("Could not open the file at C:\\Users\\kohls\\AppData\\Local\\Temp\\rust_mozprofileNl9Dvz\\search.json.mozlz4", (void 0)))
1635627169707	Marionette	INFO	Listening on port 55958
1635627169961	RemoteAgent	WARN	TLS certificate errors will be ignored for this session
1635627222190	Marionette	INFO	Stopped listening on port 55958
JavaScript error: resource:///modules/Interactions.jsm, line 209: NS_ERROR_FAILURE: Component returned failure code: 0x80004005 (NS_ERROR_FAILURE) [nsIUserIdleService.removeIdleObserver]

###!!! [Parent][RunMessage] Error: Channel closing: too late to send/recv, messages will be lost

1635628029840	geckodriver	INFO	Listening on 127.0.0.1:50703
1635628032897	mozrunner::runner	INFO	Running command: "C:\\Program Files\\Mozilla Firefox\\firefox.exe" "--marionette" "-foreground" "-no-remote" "-profile" "C:\\Users\\kohls\\AppData\\Local\\Temp\\rust_mozprofilerIADM9"
1635628033497	Marionette	INFO	Marionette enabled
console.warn: SearchSettings: "get: No settings file exists, new profile?" (new NotFoundError("Could not open the file at C:\\Users\\kohls\\AppData\\Local\\Temp\\rust_mozprofilerIADM9\\search.json.mozlz4", (void 0)))
1635628036923	Marionette	INFO	Listening on port 50713
1635628037098	RemoteAgent	WARN	TLS certificate errors will be ignored for this session
1635628079546	Marionette	INFO	Stopped listening on port 50713
JavaScript error: resource:///modules/Interactions.jsm, line 209: NS_ERROR_FAILURE: Component returned failure code: 0x80004005 (NS_ERROR_FAILURE) [nsIUserIdleService.removeIdleObserver]

###!!! [Child][RunMessage] Error: Channel closing: too late to send/recv, messages will be lost


###!!! [Parent][RunMessage] Error: Channel closing: too late to send/recv, messages will be lost

